# JRE version: OpenJDK Runtime Environment (8.0_76-b03) (build 1.8.0_76-release-b03)
# Java VM: OpenJDK 64-Bit Server VM (25.76-b03 mixed mode windows-amd64 compressed oops)
Heap:
 PSYoungGen      total 141824K, used 83498K [0x000000076b400000, 0x0000000774900000, 0x00000007c0000000)
  eden space 131072K, 59% used [0x000000076b400000,0x000000077008ceb8,0x0000000773400000)
  from space 10752K, 47% used [0x0000000773400000,0x00000007738fd9f0,0x0000000773e80000)
  to   space 10752K, 0% used [0x0000000773e80000,0x0000000773e80000,0x0000000774900000)
 ParOldGen       total 188928K, used 77360K [0x00000006c1c00000, 0x00000006cd480000, 0x000000076b400000)
  object space 188928K, 40% used [0x00000006c1c00000,0x00000006c678c0e0,0x00000006cd480000)
 Metaspace       used 26901K, capacity 28366K, committed 28544K, reserved 1075200K
  class space    used 2412K, capacity 2907K, committed 2944K, reserved 1048576K
GC Heap History (10 events):
Event: 9.716 GC heap before
{Heap before GC invocations=24 (full 0):
 PSYoungGen      total 141824K, used 141808K [0x000000076b400000, 0x0000000774900000, 0x00000007c0000000)
  eden space 131072K, 100% used [0x000000076b400000,0x0000000773400000,0x0000000773400000)
  from space 10752K, 99% used [0x0000000773400000,0x0000000773e7c010,0x0000000773e80000)
  to   space 10752K, 0% used [0x0000000773e80000,0x0000000773e80000,0x0000000774900000)
 ParOldGen       total 175104K, used 70176K [0x00000006c1c00000, 0x00000006cc700000, 0x000000076b400000)
  object space 175104K, 40% used [0x00000006c1c00000,0x00000006c60881d8,0x00000006cc700000)
 Metaspace       used 18392K, capacity 18976K, committed 19200K, reserved 1067008K
  class space    used 1728K, capacity 1932K, committed 2048K, reserved 1048576K
Event: 9.731 GC heap after
Heap after GC invocations=24 (full 0):
 PSYoungGen      total 141824K, used 5464K [0x000000076b400000, 0x0000000774900000, 0x00000007c0000000)
  eden space 131072K, 0% used [0x000000076b400000,0x000000076b400000,0x0000000773400000)
  from space 10752K, 50% used [0x0000000773e80000,0x00000007743d6270,0x0000000774900000)
  to   space 10752K, 0% used [0x0000000773400000,0x0000000773400000,0x0000000773e80000)
 ParOldGen       total 175104K, used 80816K [0x00000006c1c00000, 0x00000006cc700000, 0x000000076b400000)
  object space 175104K, 46% used [0x00000006c1c00000,0x00000006c6aec228,0x00000006cc700000)
 Metaspace       used 18392K, capacity 18976K, committed 19200K, reserved 1067008K
  class space    used 1728K, capacity 1932K, committed 2048K, reserved 1048576K
}
Event: 10.174 GC heap before
{Heap before GC invocations=25 (full 0):
 PSYoungGen      total 141824K, used 76194K [0x000000076b400000, 0x0000000774900000, 0x00000007c0000000)
  eden space 131072K, 53% used [0x000000076b400000,0x000000076f912968,0x0000000773400000)
  from space 10752K, 50% used [0x0000000773e80000,0x00000007743d6270,0x0000000774900000)
  to   space 10752K, 0% used [0x0000000773400000,0x0000000773400000,0x0000000773e80000)
 ParOldGen       total 175104K, used 80816K [0x00000006c1c00000, 0x00000006cc700000, 0x000000076b400000)
  object space 175104K, 46% used [0x00000006c1c00000,0x00000006c6aec228,0x00000006cc700000)
 Metaspace       used 20152K, capacity 21168K, committed 21248K, reserved 1069056K
  class space    used 1934K, capacity 2276K, committed 2304K, reserved 1048576K
Event: 10.185 GC heap after
Heap after GC invocations=25 (full 0):
 PSYoungGen      total 141824K, used 3251K [0x000000076b400000, 0x0000000774900000, 0x00000007c0000000)
  eden space 131072K, 0% used [0x000000076b400000,0x000000076b400000,0x0000000773400000)
  from space 10752K, 30% used [0x0000000773400000,0x000000077372cd90,0x0000000773e80000)
  to   space 10752K, 0% used [0x0000000773e80000,0x0000000773e80000,0x0000000774900000)
 ParOldGen       total 175104K, used 85016K [0x00000006c1c00000, 0x00000006cc700000, 0x000000076b400000)
  object space 175104K, 48% used [0x00000006c1c00000,0x00000006c6f06380,0x00000006cc700000)
 Metaspace       used 20152K, capacity 21168K, committed 21248K, reserved 1069056K
  class space    used 1934K, capacity 2276K, committed 2304K, reserved 1048576K
}
Event: 10.185 GC heap before
{Heap before GC invocations=26 (full 1):
 PSYoungGen      total 141824K, used 3251K [0x000000076b400000, 0x0000000774900000, 0x00000007c0000000)
  eden space 131072K, 0% used [0x000000076b400000,0x000000076b400000,0x0000000773400000)
  from space 10752K, 30% used [0x0000000773400000,0x000000077372cd90,0x0000000773e80000)
  to   space 10752K, 0% used [0x0000000773e80000,0x0000000773e80000,0x0000000774900000)
 ParOldGen       total 175104K, used 85016K [0x00000006c1c00000, 0x00000006cc700000, 0x000000076b400000)
  object space 175104K, 48% used [0x00000006c1c00000,0x00000006c6f06380,0x00000006cc700000)
 Metaspace       used 20152K, capacity 21168K, committed 21248K, reserved 1069056K
  class space    used 1934K, capacity 2276K, committed 2304K, reserved 1048576K
Event: 10.504 GC heap after
Heap after GC invocations=26 (full 1):
 PSYoungGen      total 141824K, used 0K [0x000000076b400000, 0x0000000774900000, 0x00000007c0000000)
  eden space 131072K, 0% used [0x000000076b400000,0x000000076b400000,0x0000000773400000)
  from space 10752K, 0% used [0x0000000773400000,0x0000000773400000,0x0000000773e80000)
  to   space 10752K, 0% used [0x0000000773e80000,0x0000000773e80000,0x0000000774900000)
 ParOldGen       total 188928K, used 77344K [0x00000006c1c00000, 0x00000006cd480000, 0x000000076b400000)
  object space 188928K, 40% used [0x00000006c1c00000,0x00000006c67880e0,0x00000006cd480000)
 Metaspace       used 20152K, capacity 21168K, committed 21248K, reserved 1069056K
  class space    used 1934K, capacity 2276K, committed 2304K, reserved 1048576K
}
Event: 11.097 GC heap before
{Heap before GC invocations=27 (full 1):
 PSYoungGen      total 141824K, used 131072K [0x000000076b400000, 0x0000000774900000, 0x00000007c0000000)
  eden space 131072K, 100% used [0x000000076b400000,0x0000000773400000,0x0000000773400000)
  from space 10752K, 0% used [0x0000000773400000,0x0000000773400000,0x0000000773e80000)
  to   space 10752K, 0% used [0x0000000773e80000,0x0000000773e80000,0x0000000774900000)
 ParOldGen       total 188928K, used 77344K [0x00000006c1c00000, 0x00000006cd480000, 0x000000076b400000)
  object space 188928K, 40% used [0x00000006c1c00000,0x00000006c67880e0,0x00000006cd480000)
 Metaspace       used 22659K, capacity 23768K, committed 23936K, reserved 1071104K
  class space    used 2067K, capacity 2414K, committed 2432K, reserved 1048576K
Event: 11.102 GC heap after
Heap after GC invocations=27 (full 1):
 PSYoungGen      total 141824K, used 3545K [0x000000076b400000, 0x0000000774900000, 0x00000007c0000000)
  eden space 131072K, 0% used [0x000000076b400000,0x000000076b400000,0x0000000773400000)
  from space 10752K, 32% used [0x0000000773e80000,0x00000007741f6490,0x0000000774900000)
  to   space 10752K, 0% used [0x0000000773400000,0x0000000773400000,0x0000000773e80000)
 ParOldGen       total 188928K, used 77352K [0x00000006c1c00000, 0x00000006cd480000, 0x000000076b400000)
  object space 188928K, 40% used [0x00000006c1c00000,0x00000006c678a0e0,0x00000006cd480000)
 Metaspace       used 22659K, capacity 23768K, committed 23936K, reserved 1071104K
  class space    used 2067K, capacity 2414K, committed 2432K, reserved 1048576K
}
Event: 11.778 GC heap before
{Heap before GC invocations=28 (full 1):
 PSYoungGen      total 141824K, used 134617K [0x000000076b400000, 0x0000000774900000, 0x00000007c0000000)
  eden space 131072K, 100% used [0x000000076b400000,0x0000000773400000,0x0000000773400000)
  from space 10752K, 32% used [0x0000000773e80000,0x00000007741f6490,0x0000000774900000)
  to   space 10752K, 0% used [0x0000000773400000,0x0000000773400000,0x0000000773e80000)
 ParOldGen       total 188928K, used 77352K [0x00000006c1c00000, 0x00000006cd480000, 0x000000076b400000)
  object space 188928K, 40% used [0x00000006c1c00000,0x00000006c678a0e0,0x00000006cd480000)
 Metaspace       used 25724K, capacity 27080K, committed 27136K, reserved 1073152K
  class space    used 2318K, capacity 2772K, committed 2816K, reserved 1048576K
Event: 11.786 GC heap after
Heap after GC invocations=28 (full 1):
 PSYoungGen      total 141824K, used 5110K [0x000000076b400000, 0x0000000774900000, 0x00000007c0000000)
  eden space 131072K, 0% used [0x000000076b400000,0x000000076b400000,0x0000000773400000)
  from space 10752K, 47% used [0x0000000773400000,0x00000007738fd9f0,0x0000000773e80000)
  to   space 10752K, 0% used [0x0000000773e80000,0x0000000773e80000,0x0000000774900000)
 ParOldGen       total 188928K, used 77360K [0x00000006c1c00000, 0x00000006cd480000, 0x000000076b400000)
  object space 188928K, 40% used [0x00000006c1c00000,0x00000006c678c0e0,0x00000006cd480000)
 Metaspace       used 25724K, capacity 27080K, committed 27136K, reserved 1073152K
  class space    used 2318K, capacity 2772K, committed 2816K, reserved 1048576K
}

